[debug] [2025-03-20T08:10:57.283Z] ----------------------------------------------------------------------
[debug] [2025-03-20T08:10:57.286Z] Command:       /home/mwork/.nvm/versions/node/v23.9.0/bin/node /home/mwork/.nvm/versions/node/v23.9.0/bin/firebase deploy --only firestore --debug
[debug] [2025-03-20T08:10:57.286Z] CLI Version:   13.34.0
[debug] [2025-03-20T08:10:57.286Z] Platform:      linux
[debug] [2025-03-20T08:10:57.287Z] Node Version:  v23.9.0
[debug] [2025-03-20T08:10:57.287Z] Time:          Thu Mar 20 2025 08:10:57 GMT+0000 (Greenwich Mean Time)
[debug] [2025-03-20T08:10:57.287Z] ----------------------------------------------------------------------
[debug] 
[debug] [2025-03-20T08:10:57.455Z] > command requires scopes: ["email","openid","https://www.googleapis.com/auth/cloudplatformprojects.readonly","https://www.googleapis.com/auth/firebase","https://www.googleapis.com/auth/cloud-platform"]
[debug] [2025-03-20T08:10:57.456Z] > authorizing via signed-in user (markworkman00@gmail.com)
[debug] [2025-03-20T08:10:57.456Z] [iam] checking project southcoders-9253c for permissions ["datastore.indexes.create","datastore.indexes.delete","datastore.indexes.list","datastore.indexes.update","firebase.projects.get"]
[debug] [2025-03-20T08:10:57.457Z] Checked if tokens are valid: false, expires at: 1742384239845
[debug] [2025-03-20T08:10:57.457Z] Checked if tokens are valid: false, expires at: 1742384239845
[debug] [2025-03-20T08:10:57.457Z] > refreshing access token with scopes: []
[debug] [2025-03-20T08:10:57.459Z] >>> [apiv2][query] POST https://www.googleapis.com/oauth2/v3/token [none]
[debug] [2025-03-20T08:10:57.459Z] >>> [apiv2][body] POST https://www.googleapis.com/oauth2/v3/token [omitted]
[debug] [2025-03-20T08:10:57.664Z] <<< [apiv2][status] POST https://www.googleapis.com/oauth2/v3/token 200
[debug] [2025-03-20T08:10:57.665Z] <<< [apiv2][body] POST https://www.googleapis.com/oauth2/v3/token [omitted]
[debug] [2025-03-20T08:10:57.693Z] >>> [apiv2][query] POST https://cloudresourcemanager.googleapis.com/v1/projects/southcoders-9253c:testIamPermissions [none]
[debug] [2025-03-20T08:10:57.694Z] >>> [apiv2][(partial)header] POST https://cloudresourcemanager.googleapis.com/v1/projects/southcoders-9253c:testIamPermissions x-goog-quota-user=projects/southcoders-9253c
[debug] [2025-03-20T08:10:57.694Z] >>> [apiv2][body] POST https://cloudresourcemanager.googleapis.com/v1/projects/southcoders-9253c:testIamPermissions {"permissions":["datastore.indexes.create","datastore.indexes.delete","datastore.indexes.list","datastore.indexes.update","firebase.projects.get"]}
[debug] [2025-03-20T08:10:58.649Z] <<< [apiv2][status] POST https://cloudresourcemanager.googleapis.com/v1/projects/southcoders-9253c:testIamPermissions 200
[debug] [2025-03-20T08:10:58.649Z] <<< [apiv2][body] POST https://cloudresourcemanager.googleapis.com/v1/projects/southcoders-9253c:testIamPermissions {"permissions":["datastore.indexes.create","datastore.indexes.delete","datastore.indexes.list","datastore.indexes.update","firebase.projects.get"]}
[info] 
[info] === Deploying to 'southcoders-9253c'...
[info] 
[info] i  deploying firestore 
[info] i  firestore: reading indexes from firestore.indexes.json... 
[info] i  cloud.firestore: checking firestore.rules for compilation errors... 
[debug] [2025-03-20T08:10:58.653Z] Checked if tokens are valid: true, expires at: 1742461856665
[debug] [2025-03-20T08:10:58.653Z] Checked if tokens are valid: true, expires at: 1742461856665
[debug] [2025-03-20T08:10:58.653Z] >>> [apiv2][query] POST https://firebaserules.googleapis.com/v1/projects/southcoders-9253c:test [none]
[debug] [2025-03-20T08:10:58.653Z] >>> [apiv2][body] POST https://firebaserules.googleapis.com/v1/projects/southcoders-9253c:test [omitted]
[debug] [2025-03-20T08:10:59.571Z] <<< [apiv2][status] POST https://firebaserules.googleapis.com/v1/projects/southcoders-9253c:test 200
[debug] [2025-03-20T08:10:59.572Z] <<< [apiv2][body] POST https://firebaserules.googleapis.com/v1/projects/southcoders-9253c:test {}
[info] ✔  cloud.firestore: rules file firestore.rules compiled successfully 
[debug] [2025-03-20T08:10:59.575Z] Checked if tokens are valid: true, expires at: 1742461856665
[debug] [2025-03-20T08:10:59.575Z] Checked if tokens are valid: true, expires at: 1742461856665
[info] i  firestore: deploying indexes... 
[debug] [2025-03-20T08:10:59.584Z] Checked if tokens are valid: true, expires at: 1742461856665
[debug] [2025-03-20T08:10:59.584Z] Checked if tokens are valid: true, expires at: 1742461856665
[debug] [2025-03-20T08:10:59.585Z] >>> [apiv2][query] GET https://firebaserules.googleapis.com/v1/projects/southcoders-9253c/releases pageSize=10&pageToken=
[debug] [2025-03-20T08:10:59.587Z] >>> [apiv2][query] GET https://firestore.googleapis.com/v1/projects/southcoders-9253c/databases/(default)/collectionGroups/-/indexes [none]
[debug] [2025-03-20T08:10:59.776Z] <<< [apiv2][status] GET https://firestore.googleapis.com/v1/projects/southcoders-9253c/databases/(default)/collectionGroups/-/indexes 200
[debug] [2025-03-20T08:10:59.776Z] <<< [apiv2][body] GET https://firestore.googleapis.com/v1/projects/southcoders-9253c/databases/(default)/collectionGroups/-/indexes {}
[debug] [2025-03-20T08:10:59.777Z] Checked if tokens are valid: true, expires at: 1742461856665
[debug] [2025-03-20T08:10:59.778Z] Checked if tokens are valid: true, expires at: 1742461856665
[debug] [2025-03-20T08:10:59.778Z] >>> [apiv2][query] GET https://firestore.googleapis.com/v1/projects/southcoders-9253c/databases/(default)/collectionGroups/-/fields?filter=indexConfig.usesAncestorConfig=false OR ttlConfig:* [none]
[debug] [2025-03-20T08:10:59.881Z] <<< [apiv2][status] GET https://firestore.googleapis.com/v1/projects/southcoders-9253c/databases/(default)/collectionGroups/-/fields?filter=indexConfig.usesAncestorConfig=false OR ttlConfig:* 200
[debug] [2025-03-20T08:10:59.882Z] <<< [apiv2][body] GET https://firestore.googleapis.com/v1/projects/southcoders-9253c/databases/(default)/collectionGroups/-/fields?filter=indexConfig.usesAncestorConfig=false OR ttlConfig:* {"fields":[{"name":"projects/southcoders-9253c/databases/(default)/collectionGroups/__default__/fields/*","indexConfig":{"indexes":[{"queryScope":"COLLECTION","fields":[{"fieldPath":"*","order":"ASCENDING"}],"state":"READY"},{"queryScope":"COLLECTION","fields":[{"fieldPath":"*","order":"DESCENDING"}],"state":"READY"},{"queryScope":"COLLECTION","fields":[{"fieldPath":"*","arrayConfig":"CONTAINS"}],"state":"READY"}]}}]}
[info] ✔  firestore: deployed indexes in firestore.indexes.json successfully for (default) database 
[debug] [2025-03-20T08:11:00.282Z] <<< [apiv2][status] GET https://firebaserules.googleapis.com/v1/projects/southcoders-9253c/releases 200
[debug] [2025-03-20T08:11:00.283Z] <<< [apiv2][body] GET https://firebaserules.googleapis.com/v1/projects/southcoders-9253c/releases {"releases":[{"name":"projects/southcoders-9253c/releases/cloud.firestore","rulesetName":"projects/southcoders-9253c/rulesets/346d6152-74ad-429e-8244-5cbdd3c1b534","createTime":"2025-03-19T10:41:36.555578Z","updateTime":"2025-03-19T10:42:37.943633Z"}]}
[debug] [2025-03-20T08:11:00.283Z] Checked if tokens are valid: true, expires at: 1742461856665
[debug] [2025-03-20T08:11:00.284Z] Checked if tokens are valid: true, expires at: 1742461856665
[debug] [2025-03-20T08:11:00.285Z] >>> [apiv2][query] GET https://firebaserules.googleapis.com/v1/projects/southcoders-9253c/rulesets/346d6152-74ad-429e-8244-5cbdd3c1b534 [none]
[debug] [2025-03-20T08:11:00.933Z] <<< [apiv2][status] GET https://firebaserules.googleapis.com/v1/projects/southcoders-9253c/rulesets/346d6152-74ad-429e-8244-5cbdd3c1b534 200
[debug] [2025-03-20T08:11:00.933Z] <<< [apiv2][body] GET https://firebaserules.googleapis.com/v1/projects/southcoders-9253c/rulesets/346d6152-74ad-429e-8244-5cbdd3c1b534 [omitted]
[info] i  firestore: uploading rules firestore.rules... 
[debug] [2025-03-20T08:11:00.935Z] Checked if tokens are valid: true, expires at: 1742461856665
[debug] [2025-03-20T08:11:00.936Z] Checked if tokens are valid: true, expires at: 1742461856665
[debug] [2025-03-20T08:11:00.936Z] >>> [apiv2][query] POST https://firebaserules.googleapis.com/v1/projects/southcoders-9253c/rulesets [none]
[debug] [2025-03-20T08:11:00.936Z] >>> [apiv2][body] POST https://firebaserules.googleapis.com/v1/projects/southcoders-9253c/rulesets [omitted]
[debug] [2025-03-20T08:11:01.764Z] <<< [apiv2][status] POST https://firebaserules.googleapis.com/v1/projects/southcoders-9253c/rulesets 200
[debug] [2025-03-20T08:11:01.765Z] <<< [apiv2][body] POST https://firebaserules.googleapis.com/v1/projects/southcoders-9253c/rulesets {"name":"projects/southcoders-9253c/rulesets/26f87953-4c5d-46be-a0cc-1d31e369ae2d","source":{"files":[{"content":"rules_version = '2';\nservice cloud.firestore {\n  match /databases/{database}/documents {\n    match /contactMessages/{docId} {\n      allow write: if request.auth != null; // Requires authentication\n      allow read: if true; // Allows anyone to read\n    }\n  }\n}\n","name":"firestore.rules"}]},"createTime":"2025-03-20T08:11:01.660159Z","metadata":{"services":["cloud.firestore"]}}
[debug] [2025-03-20T08:11:01.766Z] [rules] created ruleset projects/southcoders-9253c/rulesets/26f87953-4c5d-46be-a0cc-1d31e369ae2d
[debug] [2025-03-20T08:11:01.767Z] [rules] releasing cloud.firestore/(default) with ruleset projects/southcoders-9253c/rulesets/26f87953-4c5d-46be-a0cc-1d31e369ae2d
[debug] [2025-03-20T08:11:01.768Z] Checked if tokens are valid: true, expires at: 1742461856665
[debug] [2025-03-20T08:11:01.768Z] Checked if tokens are valid: true, expires at: 1742461856665
[debug] [2025-03-20T08:11:01.769Z] >>> [apiv2][query] PATCH https://firebaserules.googleapis.com/v1/projects/southcoders-9253c/releases/cloud.firestore/(default) [none]
[debug] [2025-03-20T08:11:01.769Z] >>> [apiv2][body] PATCH https://firebaserules.googleapis.com/v1/projects/southcoders-9253c/releases/cloud.firestore/(default) {"release":{"name":"projects/southcoders-9253c/releases/cloud.firestore/(default)","rulesetName":"projects/southcoders-9253c/rulesets/26f87953-4c5d-46be-a0cc-1d31e369ae2d"}}
[debug] [2025-03-20T08:11:02.639Z] <<< [apiv2][status] PATCH https://firebaserules.googleapis.com/v1/projects/southcoders-9253c/releases/cloud.firestore/(default) 200
[debug] [2025-03-20T08:11:02.640Z] <<< [apiv2][body] PATCH https://firebaserules.googleapis.com/v1/projects/southcoders-9253c/releases/cloud.firestore/(default) {"name":"projects/southcoders-9253c/releases/cloud.firestore","rulesetName":"projects/southcoders-9253c/rulesets/26f87953-4c5d-46be-a0cc-1d31e369ae2d","createTime":"2025-03-19T10:41:36.555578Z","updateTime":"2025-03-20T08:11:02.510420Z"}
[debug] [2025-03-20T08:11:02.640Z] [rules] updated release projects/southcoders-9253c/releases/cloud.firestore
[info] ✔  firestore: released rules firestore.rules to cloud.firestore 
[info] 
[info] ✔  Deploy complete! 
[info] 
[info] Project Console: https://console.firebase.google.com/project/southcoders-9253c/overview
